{"message":"stock_number : 2465","level":"info","service":"user-service","timestamp":"2020-08-12T16:11:02.386Z"}
{"message":"autoRefresh stock_number : 2465","level":"info","service":"user-service","timestamp":"2020-08-12T16:11:14.545Z"}
{"message":"autoRefresh stock_number : 2465","level":"info","service":"user-service","timestamp":"2020-08-12T16:11:26.521Z"}
{"message":"autoRefresh stock_number : 2465","level":"info","service":"user-service","timestamp":"2020-08-12T16:11:38.523Z"}
{"message":"autoRefresh stock_number : 2465","level":"info","service":"user-service","timestamp":"2020-08-12T16:11:50.522Z"}
{"message":"stock_number : 3189","level":"info","service":"user-service","timestamp":"2020-08-13T16:31:16.197Z"}
{"message":"stock_number : 3189","level":"info","service":"user-service","timestamp":"2020-08-13T16:31:18.423Z"}
{"message":"stock_number : 3189","level":"info","service":"user-service","timestamp":"2020-08-13T16:31:24.514Z"}
{"message":"stock_number : 3189","level":"info","service":"user-service","timestamp":"2020-08-13T16:33:36.582Z"}
{"message":"autoRefresh stock_number : 3189","level":"info","service":"user-service","timestamp":"2020-08-13T16:33:36.633Z"}
{"message":"stock_number : 3189","level":"info","service":"user-service","timestamp":"2020-08-13T16:33:41.543Z"}
{"message":"stock_number : 3189","level":"info","service":"user-service","timestamp":"2020-08-13T16:33:42.833Z"}
{"message":"stock_number : 3189","level":"info","service":"user-service","timestamp":"2020-08-13T16:33:43.673Z"}
{"message":"stock_number : 3189","level":"info","service":"user-service","timestamp":"2020-08-13T16:33:44.553Z"}
{"message":"stock_number : 3189","level":"info","service":"user-service","timestamp":"2020-08-13T16:33:49.489Z"}
{"message":"stock_number : 3189","level":"info","service":"user-service","timestamp":"2020-08-13T16:33:50.305Z"}
{"message":"stock_number : 3189","level":"info","service":"user-service","timestamp":"2020-08-13T16:33:51.337Z"}
{"message":"autoRefresh stock_number : 3189","level":"info","service":"user-service","timestamp":"2020-08-13T16:34:03.444Z"}
{"message":"stock_number : 2330","level":"info","service":"user-service","timestamp":"2020-08-13T16:35:41.375Z"}
{"message":"autoRefresh stock_number : 2330","level":"info","service":"user-service","timestamp":"2020-08-13T16:35:53.582Z"}
{"message":"stock_number : 2330","level":"info","service":"user-service","timestamp":"2020-08-13T16:37:48.838Z"}
{"message":"autoRefresh stock_number : 2330","level":"info","service":"user-service","timestamp":"2020-08-13T16:38:01.062Z"}
{"message":"stock_number : 2330","level":"info","service":"user-service","timestamp":"2020-08-13T16:39:00.133Z"}
{"message":"stock_number : 2330","level":"info","service":"user-service","timestamp":"2020-08-13T16:39:02.584Z"}
{"message":"stock_number : 2465","level":"info","service":"user-service","timestamp":"2020-08-13T16:39:11.709Z"}
{"message":"autoRefresh stock_number : 2465","level":"info","service":"user-service","timestamp":"2020-08-13T16:39:23.855Z"}
{"message":"stock_number : con","level":"info","service":"user-service","timestamp":"2020-08-16T07:03:16.805Z"}
{"message":"stock_number : con1","level":"info","service":"user-service","timestamp":"2020-08-16T07:03:27.829Z"}
{"message":"stock_number : con","level":"info","service":"user-service","timestamp":"2020-08-16T07:11:29.950Z"}
{"message":"stock_number : 2330","level":"info","service":"user-service","timestamp":"2020-11-10T12:49:44.415Z"}
{"message":"autoRefresh stock_number : 2330","level":"info","service":"user-service","timestamp":"2020-11-10T12:49:56.511Z"}
{"message":"autoRefresh stock_number : 2330","level":"info","service":"user-service","timestamp":"2020-11-10T12:50:08.930Z"}
{"message":"autoRefresh stock_number : 2330","level":"info","service":"user-service","timestamp":"2020-11-10T12:50:57.451Z"}

{"message":"stock_number : 2330","level":"info","service":"user-service","timestamp":"2020-11-13T17:19:18.798Z"}
{"message":"autoRefresh stock_number : 2330","level":"info","service":"user-service","timestamp":"2020-11-13T17:19:31.126Z"}
{"message":"autoRefresh stock_number : 2330","level":"info","service":"user-service","timestamp":"2020-11-13T17:19:42.976Z"}
{"message":"autoRefresh stock_number : 2330","level":"info","service":"user-service","timestamp":"2020-11-13T17:19:54.966Z"}
{"message":"stock_number : 2330","level":"info","service":"user-service","timestamp":"2020-11-13T17:19:58.903Z"}
{"message":"autoRefresh stock_number : 2330","level":"info","service":"user-service","timestamp":"2020-11-13T17:20:11.056Z"}
{"message":"stock_number : 2330","level":"info","service":"user-service","timestamp":"2020-11-13T17:20:18.256Z"}
{"message":"autoRefresh stock_number : 2330","level":"info","service":"user-service","timestamp":"2020-11-13T17:20:30.418Z"}
{"message":"autoRefresh stock_number : 2330","level":"info","service":"user-service","timestamp":"2020-11-13T17:20:42.409Z"}
{"message":"stock_number : 2330","level":"info","service":"user-service","timestamp":"2020-11-13T17:20:48.875Z"}
{"message":"autoRefresh stock_number : 2330","level":"info","service":"user-service","timestamp":"2020-11-13T17:21:01.025Z"}
{"message":"autoRefresh stock_number : 2330","level":"info","service":"user-service","timestamp":"2020-11-13T17:21:13.128Z"}
{"message":"autoRefresh stock_number : 2330","level":"info","service":"user-service","timestamp":"2020-11-13T17:21:25.040Z"}
{"message":"stock_number : 2330","level":"info","service":"user-service","timestamp":"2020-11-13T17:21:25.436Z"}
{"message":"autoRefresh stock_number : 2330","level":"info","service":"user-service","timestamp":"2020-11-13T17:21:37.824Z"}
{"message":"autoRefresh stock_number : 2330","level":"info","service":"user-service","timestamp":"2020-11-13T17:21:49.805Z"}
{"message":"autoRefresh stock_number : 2330","level":"info","service":"user-service","timestamp":"2020-11-13T17:22:01.815Z"}
{"message":"autoRefresh stock_number : 2330","level":"info","service":"user-service","timestamp":"2020-11-13T17:22:13.804Z"}
{"message":"autoRefresh stock_number : 2330","level":"info","service":"user-service","timestamp":"2020-11-13T17:22:25.808Z"}
{"message":"autoRefresh stock_number : 2330","level":"info","service":"user-service","timestamp":"2020-11-13T17:22:37.803Z"}
{"message":"autoRefresh stock_number : 2330","level":"info","service":"user-service","timestamp":"2020-11-13T17:22:49.806Z"}
{"message":"autoRefresh stock_number : 2330","level":"info","service":"user-service","timestamp":"2020-11-13T17:23:01.882Z"}
{"message":"stock_number : 2330","level":"info","service":"user-service","timestamp":"2020-11-13T17:23:05.987Z"}
{"message":"autoRefresh stock_number : 2330","level":"info","service":"user-service","timestamp":"2020-11-13T17:23:18.132Z"}
{"message":"autoRefresh stock_number : 2330","level":"info","service":"user-service","timestamp":"2020-11-13T17:23:30.137Z"}
{"message":"autoRefresh stock_number : 2330","level":"info","service":"user-service","timestamp":"2020-11-13T17:23:42.116Z"}
{"message":"autoRefresh stock_number : 2330","level":"info","service":"user-service","timestamp":"2020-11-13T17:23:54.802Z"}
{"message":"autoRefresh stock_number : 2330","level":"info","service":"user-service","timestamp":"2020-11-13T17:24:06.798Z"}
{"message":"autoRefresh stock_number : 2330","level":"info","service":"user-service","timestamp":"2020-11-13T17:24:18.799Z"}
{"message":"autoRefresh stock_number : 2330","level":"info","service":"user-service","timestamp":"2020-11-13T17:24:30.814Z"}
{"message":"autoRefresh stock_number : 2330","level":"info","service":"user-service","timestamp":"2020-11-13T17:24:42.808Z"}
{"message":"autoRefresh stock_number : 2330","level":"info","service":"user-service","timestamp":"2020-11-13T17:24:54.801Z"}
{"message":"autoRefresh stock_number : 2330","level":"info","service":"user-service","timestamp":"2020-11-13T17:25:06.815Z"}
{"message":"autoRefresh stock_number : 2330","level":"info","service":"user-service","timestamp":"2020-11-13T17:25:18.818Z"}
{"message":"autoRefresh stock_number : 2330","level":"info","service":"user-service","timestamp":"2020-11-13T17:25:30.807Z"}
{"message":"autoRefresh stock_number : 2330","level":"info","service":"user-service","timestamp":"2020-11-13T17:25:42.814Z"}
{"message":"autoRefresh stock_number : 2330","level":"info","service":"user-service","timestamp":"2020-11-13T17:25:54.798Z"}
{"message":"autoRefresh stock_number : 2330","level":"info","service":"user-service","timestamp":"2020-11-13T17:26:06.803Z"}
{"message":"autoRefresh stock_number : 2330","level":"info","service":"user-service","timestamp":"2020-11-13T17:26:18.815Z"}
{"message":"autoRefresh stock_number : 2330","level":"info","service":"user-service","timestamp":"2020-11-13T17:26:30.797Z"}
{"message":"autoRefresh stock_number : 2330","level":"info","service":"user-service","timestamp":"2020-11-13T17:26:42.788Z"}
{"message":"autoRefresh stock_number : 2330","level":"info","service":"user-service","timestamp":"2020-11-13T17:26:54.815Z"}
{"message":"autoRefresh stock_number : 2330","level":"info","service":"user-service","timestamp":"2020-11-13T17:27:06.815Z"}
{"message":"autoRefresh stock_number : 2330","level":"info","service":"user-service","timestamp":"2020-11-13T17:27:18.815Z"}
{"message":"autoRefresh stock_number : 2330","level":"info","service":"user-service","timestamp":"2020-11-13T17:27:30.807Z"}
{"message":"autoRefresh stock_number : 2330","level":"info","service":"user-service","timestamp":"2020-11-13T17:27:42.807Z"}
{"message":"autoRefresh stock_number : 2330","level":"info","service":"user-service","timestamp":"2020-11-13T17:27:54.796Z"}
{"message":"stock_number : 2330","level":"info","service":"user-service","timestamp":"2020-11-13T17:28:02.992Z"}
{"message":"autoRefresh stock_number : 2330","level":"info","service":"user-service","timestamp":"2020-11-13T17:28:15.815Z"}
{"message":"autoRefresh stock_number : 2330","level":"info","service":"user-service","timestamp":"2020-11-13T17:28:27.798Z"}
{"message":"autoRefresh stock_number : 2330","level":"info","service":"user-service","timestamp":"2020-11-13T17:28:39.808Z"}
{"message":"autoRefresh stock_number : 2330","level":"info","service":"user-service","timestamp":"2020-11-13T17:28:51.818Z"}
{"message":"autoRefresh stock_number : 2330","level":"info","service":"user-service","timestamp":"2020-11-13T17:29:03.815Z"}
{"message":"autoRefresh stock_number : 2330","level":"info","service":"user-service","timestamp":"2020-11-13T17:29:15.816Z"}
{"message":"autoRefresh stock_number : 2330","level":"info","service":"user-service","timestamp":"2020-11-13T17:29:27.818Z"}
{"message":"autoRefresh stock_number : 2330","level":"info","service":"user-service","timestamp":"2020-11-13T17:29:39.815Z"}
{"message":"autoRefresh stock_number : 2330","level":"info","service":"user-service","timestamp":"2020-11-13T17:29:51.816Z"}
{"message":"autoRefresh stock_number : 2330","level":"info","service":"user-service","timestamp":"2020-11-13T17:30:03.816Z"}
{"message":"stock_number : 2330","level":"info","service":"user-service","timestamp":"2020-11-13T17:30:14.224Z"}
{"message":"autoRefresh stock_number : 2330","level":"info","service":"user-service","timestamp":"2020-11-13T17:30:26.384Z"}
{"message":"autoRefresh stock_number : 2330","level":"info","service":"user-service","timestamp":"2020-11-13T17:30:38.814Z"}
{"message":"autoRefresh stock_number : 2330","level":"info","service":"user-service","timestamp":"2020-11-13T17:30:50.805Z"}
{"message":"autoRefresh stock_number : 2330","level":"info","service":"user-service","timestamp":"2020-11-13T17:31:02.380Z"}
{"message":"stock_number : 2330","level":"info","service":"user-service","timestamp":"2020-11-13T17:31:39.992Z"}
{"message":"autoRefresh stock_number : 2330","level":"info","service":"user-service","timestamp":"2020-11-13T17:31:52.822Z"}
{"message":"autoRefresh stock_number : 2330","level":"info","service":"user-service","timestamp":"2020-11-13T17:32:04.897Z"}
{"message":"autoRefresh stock_number : 2330","level":"info","service":"user-service","timestamp":"2020-11-13T17:32:16.827Z"}
{"message":"stock_number : 8044","level":"info","service":"user-service","timestamp":"2020-11-13T17:38:01.014Z"}
{"message":"autoRefresh stock_number : 8044","level":"info","service":"user-service","timestamp":"2020-11-13T17:38:13.814Z"}
{"message":"autoRefresh stock_number : 8044","level":"info","service":"user-service","timestamp":"2020-11-13T17:38:25.828Z"}
{"message":"autoRefresh stock_number : 8044","level":"info","service":"user-service","timestamp":"2020-11-13T17:38:37.800Z"}
{"message":"autoRefresh stock_number : 8044","level":"info","service":"user-service","timestamp":"2020-11-13T17:38:49.819Z"}
{"message":"autoRefresh stock_number : 8044","level":"info","service":"user-service","timestamp":"2020-11-13T17:39:01.826Z"}
{"message":"autoRefresh stock_number : 8044","level":"info","service":"user-service","timestamp":"2020-11-13T17:39:13.832Z"}
{"message":"autoRefresh stock_number : 8044","level":"info","service":"user-service","timestamp":"2020-11-13T17:39:25.801Z"}
{"message":"autoRefresh stock_number : 8044","level":"info","service":"user-service","timestamp":"2020-11-13T17:39:37.822Z"}
{"message":"autoRefresh stock_number : 8044","level":"info","service":"user-service","timestamp":"2020-11-13T17:39:49.824Z"}
{"message":"autoRefresh stock_number : 8044","level":"info","service":"user-service","timestamp":"2020-11-13T17:40:01.817Z"}
{"message":"autoRefresh stock_number : 8044","level":"info","service":"user-service","timestamp":"2020-11-13T17:40:13.808Z"}
{"message":"autoRefresh stock_number : 8044","level":"info","service":"user-service","timestamp":"2020-11-13T17:40:25.821Z"}
{"message":"autoRefresh stock_number : 8044","level":"info","service":"user-service","timestamp":"2020-11-13T17:40:37.791Z"}
{"message":"autoRefresh stock_number : 8044","level":"info","service":"user-service","timestamp":"2020-11-13T17:40:49.808Z"}
{"message":"autoRefresh stock_number : 8044","level":"info","service":"user-service","timestamp":"2020-11-13T17:41:01.835Z"}
{"message":"autoRefresh stock_number : 8044","level":"info","service":"user-service","timestamp":"2020-11-13T17:41:13.817Z"}
{"message":"autoRefresh stock_number : 8044","level":"info","service":"user-service","timestamp":"2020-11-13T17:41:25.806Z"}
{"message":"autoRefresh stock_number : 8044","level":"info","service":"user-service","timestamp":"2020-11-13T17:41:37.806Z"}
{"message":"autoRefresh stock_number : 8044","level":"info","service":"user-service","timestamp":"2020-11-13T17:41:49.815Z"}
{"message":"autoRefresh stock_number : 8044","level":"info","service":"user-service","timestamp":"2020-11-13T17:42:01.826Z"}
{"message":"autoRefresh stock_number : 8044","level":"info","service":"user-service","timestamp":"2020-11-13T17:42:13.826Z"}
{"message":"autoRefresh stock_number : 8044","level":"info","service":"user-service","timestamp":"2020-11-13T17:42:25.802Z"}
{"message":"autoRefresh stock_number : 8044","level":"info","service":"user-service","timestamp":"2020-11-13T17:42:37.801Z"}
{"message":"autoRefresh stock_number : 8044","level":"info","service":"user-service","timestamp":"2020-11-13T17:42:49.807Z"}
{"message":"autoRefresh stock_number : 8044","level":"info","service":"user-service","timestamp":"2020-11-13T17:43:01.798Z"}
{"message":"autoRefresh stock_number : 8044","level":"info","service":"user-service","timestamp":"2020-11-13T17:43:13.813Z"}
{"message":"autoRefresh stock_number : 8044","level":"info","service":"user-service","timestamp":"2020-11-13T17:43:25.816Z"}
{"message":"autoRefresh stock_number : 8044","level":"info","service":"user-service","timestamp":"2020-11-13T17:43:37.815Z"}
{"message":"stock_number : 2330","level":"info","service":"user-service","timestamp":"2020-11-13T17:45:27.746Z"}
{"message":"autoRefresh stock_number : 2330","level":"info","service":"user-service","timestamp":"2020-11-13T17:45:39.915Z"}
{"message":"stock_number : 3189","level":"info","service":"user-service","timestamp":"2020-11-13T17:45:49.866Z"}
{"message":"autoRefresh stock_number : 2330","level":"info","service":"user-service","timestamp":"2020-11-13T17:45:52.818Z"}
{"message":"stock_number : 8044","level":"info","service":"user-service","timestamp":"2020-11-13T17:46:00.160Z"}
{"message":"autoRefresh stock_number : 3189","level":"info","service":"user-service","timestamp":"2020-11-13T17:46:02.800Z"}
{"message":"autoRefresh stock_number : 2330","level":"info","service":"user-service","timestamp":"2020-11-13T17:46:04.847Z"}
{"message":"autoRefresh stock_number : 8044","level":"info","service":"user-service","timestamp":"2020-11-13T17:46:12.383Z"}
{"message":"autoRefresh stock_number : 3189","level":"info","service":"user-service","timestamp":"2020-11-13T17:46:14.824Z"}
{"message":"autoRefresh stock_number : 2330","level":"info","service":"user-service","timestamp":"2020-11-13T17:46:16.836Z"}
{"message":"autoRefresh stock_number : 8044","level":"info","service":"user-service","timestamp":"2020-11-13T17:46:24.342Z"}
{"message":"autoRefresh stock_number : 3189","level":"info","service":"user-service","timestamp":"2020-11-13T17:46:26.825Z"}
{"message":"autoRefresh stock_number : 2330","level":"info","service":"user-service","timestamp":"2020-11-13T17:46:28.814Z"}
{"message":"autoRefresh stock_number : 8044","level":"info","service":"user-service","timestamp":"2020-11-13T17:46:36.354Z"}
{"message":"autoRefresh stock_number : 3189","level":"info","service":"user-service","timestamp":"2020-11-13T17:46:38.834Z"}
{"message":"autoRefresh stock_number : 2330","level":"info","service":"user-service","timestamp":"2020-11-13T17:46:40.826Z"}
{"message":"autoRefresh stock_number : 8044","level":"info","service":"user-service","timestamp":"2020-11-13T17:46:48.354Z"}
{"message":"autoRefresh stock_number : 3189","level":"info","service":"user-service","timestamp":"2020-11-13T17:46:50.823Z"}
{"message":"autoRefresh stock_number : 2330","level":"info","service":"user-service","timestamp":"2020-11-13T17:46:52.852Z"}
{"message":"autoRefresh stock_number : 8044","level":"info","service":"user-service","timestamp":"2020-11-13T17:47:00.372Z"}
{"message":"autoRefresh stock_number : 3189","level":"info","service":"user-service","timestamp":"2020-11-13T17:47:02.806Z"}
{"message":"autoRefresh stock_number : 2330","level":"info","service":"user-service","timestamp":"2020-11-13T17:47:04.832Z"}
{"message":"autoRefresh stock_number : 8044","level":"info","service":"user-service","timestamp":"2020-11-13T17:47:12.806Z"}
{"message":"autoRefresh stock_number : 3189","level":"info","service":"user-service","timestamp":"2020-11-13T17:47:14.827Z"}
{"message":"autoRefresh stock_number : 2330","level":"info","service":"user-service","timestamp":"2020-11-13T17:47:16.802Z"}
{"message":"autoRefresh stock_number : 8044","level":"info","service":"user-service","timestamp":"2020-11-13T17:47:24.814Z"}
{"message":"autoRefresh stock_number : 3189","level":"info","service":"user-service","timestamp":"2020-11-13T17:47:26.835Z"}
{"message":"autoRefresh stock_number : 2330","level":"info","service":"user-service","timestamp":"2020-11-13T17:47:28.824Z"}
{"message":"autoRefresh stock_number : 8044","level":"info","service":"user-service","timestamp":"2020-11-13T17:47:36.812Z"}
{"message":"autoRefresh stock_number : 3189","level":"info","service":"user-service","timestamp":"2020-11-13T17:47:38.814Z"}
{"message":"autoRefresh stock_number : 2330","level":"info","service":"user-service","timestamp":"2020-11-13T17:47:40.828Z"}
{"message":"autoRefresh stock_number : 8044","level":"info","service":"user-service","timestamp":"2020-11-13T17:47:48.825Z"}
{"message":"autoRefresh stock_number : 3189","level":"info","service":"user-service","timestamp":"2020-11-13T17:47:50.825Z"}
{"message":"autoRefresh stock_number : 2330","level":"info","service":"user-service","timestamp":"2020-11-13T17:47:52.825Z"}
{"message":"autoRefresh stock_number : 8044","level":"info","service":"user-service","timestamp":"2020-11-13T17:48:00.823Z"}
{"message":"autoRefresh stock_number : 3189","level":"info","service":"user-service","timestamp":"2020-11-13T17:48:02.818Z"}
{"message":"autoRefresh stock_number : 2330","level":"info","service":"user-service","timestamp":"2020-11-13T17:48:04.807Z"}
{"message":"autoRefresh stock_number : 8044","level":"info","service":"user-service","timestamp":"2020-11-13T17:48:12.831Z"}
{"message":"autoRefresh stock_number : 3189","level":"info","service":"user-service","timestamp":"2020-11-13T17:48:14.825Z"}
{"message":"autoRefresh stock_number : 2330","level":"info","service":"user-service","timestamp":"2020-11-13T17:48:16.806Z"}
{"message":"autoRefresh stock_number : 8044","level":"info","service":"user-service","timestamp":"2020-11-13T17:48:24.819Z"}
{"message":"autoRefresh stock_number : 3189","level":"info","service":"user-service","timestamp":"2020-11-13T17:48:26.807Z"}
{"message":"autoRefresh stock_number : 2330","level":"info","service":"user-service","timestamp":"2020-11-13T17:48:28.816Z"}
{"message":"autoRefresh stock_number : 8044","level":"info","service":"user-service","timestamp":"2020-11-13T17:48:36.805Z"}
{"message":"autoRefresh stock_number : 3189","level":"info","service":"user-service","timestamp":"2020-11-13T17:48:38.832Z"}
{"message":"autoRefresh stock_number : 2330","level":"info","service":"user-service","timestamp":"2020-11-13T17:48:40.838Z"}
{"message":"autoRefresh stock_number : 8044","level":"info","service":"user-service","timestamp":"2020-11-13T17:48:48.811Z"}
{"message":"autoRefresh stock_number : 3189","level":"info","service":"user-service","timestamp":"2020-11-13T17:48:50.817Z"}
{"message":"autoRefresh stock_number : 2330","level":"info","service":"user-service","timestamp":"2020-11-13T17:48:52.817Z"}
{"message":"autoRefresh stock_number : 8044","level":"info","service":"user-service","timestamp":"2020-11-13T17:49:00.827Z"}
{"message":"autoRefresh stock_number : 3189","level":"info","service":"user-service","timestamp":"2020-11-13T17:49:02.836Z"}
{"message":"autoRefresh stock_number : 2330","level":"info","service":"user-service","timestamp":"2020-11-13T17:49:04.812Z"}
{"message":"stock_number : 2330","level":"info","service":"user-service","timestamp":"2020-11-17T07:23:55.538Z"}
{"message":"autoRefresh stock_number : 2330","level":"info","service":"user-service","timestamp":"2020-11-17T07:24:08.201Z"}
{"message":"autoRefresh stock_number : 2330","level":"info","service":"user-service","timestamp":"2020-11-17T07:24:19.605Z"}
{"message":"stock_number : 6150","level":"info","service":"user-service","timestamp":"2020-11-18T09:46:10.684Z"}
{"message":"autoRefresh stock_number : 6150","level":"info","service":"user-service","timestamp":"2020-11-18T09:46:23.341Z"}
{"message":"stock_number : 2330","level":"info","service":"user-service","timestamp":"2020-12-04T17:24:41.819Z"}
{"message":"autoRefresh stock_number : 2330","level":"info","service":"user-service","timestamp":"2020-12-04T17:24:54.159Z"}
{"message":"stock_number : 2330","level":"info","service":"user-service","timestamp":"2020-12-04T17:26:58.907Z"}
{"message":"autoRefresh stock_number : 2330","level":"info","service":"user-service","timestamp":"2020-12-04T17:27:11.983Z"}
{"message":"autoRefresh stock_number : 2330","level":"info","service":"user-service","timestamp":"2020-12-04T17:27:23.029Z"}
{"message":"autoRefresh stock_number : 2330","level":"info","service":"user-service","timestamp":"2020-12-04T17:27:36.053Z"}
{"message":"autoRefresh stock_number : 2330","level":"info","service":"user-service","timestamp":"2020-12-04T17:27:47.961Z"}
{"message":"autoRefresh stock_number : 2330","level":"info","service":"user-service","timestamp":"2020-12-04T17:27:59.962Z"}
{"message":"autoRefresh stock_number : 2330","level":"info","service":"user-service","timestamp":"2020-12-04T17:28:11.962Z"}
{"message":"autoRefresh stock_number : 2330","level":"info","service":"user-service","timestamp":"2020-12-04T17:28:23.962Z"}
{"message":"autoRefresh stock_number : 2330","level":"info","service":"user-service","timestamp":"2020-12-04T17:28:35.950Z"}
{"message":"autoRefresh stock_number : 2330","level":"info","service":"user-service","timestamp":"2020-12-04T17:28:47.963Z"}
{"message":"autoRefresh stock_number : 2330","level":"info","service":"user-service","timestamp":"2020-12-04T17:28:59.963Z"}
{"message":"autoRefresh stock_number : 2330","level":"info","service":"user-service","timestamp":"2020-12-04T17:29:11.968Z"}
{"message":"autoRefresh stock_number : 2330","level":"info","service":"user-service","timestamp":"2020-12-04T17:29:23.952Z"}
{"message":"autoRefresh stock_number : 2330","level":"info","service":"user-service","timestamp":"2020-12-04T17:29:35.964Z"}
{"message":"autoRefresh stock_number : 2330","level":"info","service":"user-service","timestamp":"2020-12-04T17:29:47.964Z"}
{"message":"autoRefresh stock_number : 2330","level":"info","service":"user-service","timestamp":"2020-12-04T17:29:59.983Z"}
{"message":"autoRefresh stock_number : 2330","level":"info","service":"user-service","timestamp":"2020-12-04T17:30:11.953Z"}
{"message":"autoRefresh stock_number : 2330","level":"info","service":"user-service","timestamp":"2020-12-04T17:30:23.965Z"}
{"message":"autoRefresh stock_number : 2330","level":"info","service":"user-service","timestamp":"2020-12-04T17:30:35.966Z"}
{"message":"autoRefresh stock_number : 2330","level":"info","service":"user-service","timestamp":"2020-12-04T17:30:48.014Z"}
{"message":"autoRefresh stock_number : 2330","level":"info","service":"user-service","timestamp":"2020-12-04T17:30:59.962Z"}
{"message":"autoRefresh stock_number : 2330","level":"info","service":"user-service","timestamp":"2020-12-04T17:31:11.983Z"}
{"message":"autoRefresh stock_number : 2330","level":"info","service":"user-service","timestamp":"2020-12-04T17:31:23.963Z"}
{"message":"autoRefresh stock_number : 2330","level":"info","service":"user-service","timestamp":"2020-12-04T17:31:35.951Z"}
{"message":"autoRefresh stock_number : 2330","level":"info","service":"user-service","timestamp":"2020-12-04T17:31:47.960Z"}
{"message":"autoRefresh stock_number : 2330","level":"info","service":"user-service","timestamp":"2020-12-04T17:31:59.984Z"}
{"message":"autoRefresh stock_number : 2330","level":"info","service":"user-service","timestamp":"2020-12-04T17:32:11.956Z"}
{"message":"autoRefresh stock_number : 2330","level":"info","service":"user-service","timestamp":"2020-12-04T17:32:23.965Z"}
{"message":"autoRefresh stock_number : 2330","level":"info","service":"user-service","timestamp":"2020-12-04T17:32:35.965Z"}
{"message":"autoRefresh stock_number : 2330","level":"info","service":"user-service","timestamp":"2020-12-04T17:32:47.973Z"}
{"message":"autoRefresh stock_number : 2330","level":"info","service":"user-service","timestamp":"2020-12-04T17:32:59.970Z"}
{"message":"autoRefresh stock_number : 2330","level":"info","service":"user-service","timestamp":"2020-12-04T17:33:11.974Z"}
{"message":"autoRefresh stock_number : 2330","level":"info","service":"user-service","timestamp":"2020-12-04T17:35:25.489Z"}
{"message":"autoRefresh stock_number : 2330","level":"info","service":"user-service","timestamp":"2020-12-04T17:35:35.965Z"}
{"message":"autoRefresh stock_number : 2330","level":"info","service":"user-service","timestamp":"2020-12-04T17:35:47.962Z"}
{"message":"autoRefresh stock_number : 2330","level":"info","service":"user-service","timestamp":"2020-12-04T17:35:59.962Z"}
{"message":"autoRefresh stock_number : 2330","level":"info","service":"user-service","timestamp":"2020-12-04T17:36:11.974Z"}
{"message":"autoRefresh stock_number : 2330","level":"info","service":"user-service","timestamp":"2020-12-04T17:36:23.962Z"}
{"message":"autoRefresh stock_number : 2330","level":"info","service":"user-service","timestamp":"2020-12-04T17:36:35.979Z"}
{"message":"autoRefresh stock_number : 2330","level":"info","service":"user-service","timestamp":"2020-12-04T17:36:47.963Z"}
{"message":"autoRefresh stock_number : 2330","level":"info","service":"user-service","timestamp":"2020-12-04T17:36:59.972Z"}
{"message":"autoRefresh stock_number : 2330","level":"info","service":"user-service","timestamp":"2020-12-04T17:37:11.976Z"}
{"message":"autoRefresh stock_number : 2330","level":"info","service":"user-service","timestamp":"2020-12-04T17:37:23.959Z"}
{"message":"autoRefresh stock_number : 2330","level":"info","service":"user-service","timestamp":"2020-12-04T17:37:36.000Z"}
{"message":"autoRefresh stock_number : 2330","level":"info","service":"user-service","timestamp":"2020-12-04T17:37:47.976Z"}
{"message":"autoRefresh stock_number : 2330","level":"info","service":"user-service","timestamp":"2020-12-04T17:37:59.973Z"}
{"message":"autoRefresh stock_number : 2330","level":"info","service":"user-service","timestamp":"2020-12-04T17:38:11.974Z"}
{"message":"autoRefresh stock_number : 2330","level":"info","service":"user-service","timestamp":"2020-12-04T17:38:23.961Z"}
{"message":"autoRefresh stock_number : 2330","level":"info","service":"user-service","timestamp":"2020-12-04T17:38:35.990Z"}
{"message":"autoRefresh stock_number : 2330","level":"info","service":"user-service","timestamp":"2020-12-04T17:38:47.970Z"}
{"message":"autoRefresh stock_number : 2330","level":"info","service":"user-service","timestamp":"2020-12-04T17:38:59.950Z"}
{"message":"autoRefresh stock_number : 2330","level":"info","service":"user-service","timestamp":"2020-12-04T17:39:11.960Z"}
{"message":"autoRefresh stock_number : 2330","level":"info","service":"user-service","timestamp":"2020-12-04T17:39:24.083Z"}
{"message":"autoRefresh stock_number : 2330","level":"info","service":"user-service","timestamp":"2020-12-04T17:39:36.003Z"}
{"message":"autoRefresh stock_number : 2330","level":"info","service":"user-service","timestamp":"2020-12-04T17:39:47.972Z"}
{"message":"autoRefresh stock_number : 2330","level":"info","service":"user-service","timestamp":"2020-12-04T17:39:59.957Z"}
{"message":"autoRefresh stock_number : 2330","level":"info","service":"user-service","timestamp":"2020-12-04T17:40:11.972Z"}
{"message":"autoRefresh stock_number : 2330","level":"info","service":"user-service","timestamp":"2020-12-04T17:40:23.976Z"}
{"message":"autoRefresh stock_number : 2330","level":"info","service":"user-service","timestamp":"2020-12-04T17:40:35.973Z"}
{"message":"autoRefresh stock_number : 2330","level":"info","service":"user-service","timestamp":"2020-12-04T17:40:47.973Z"}
{"message":"autoRefresh stock_number : 2330","level":"info","service":"user-service","timestamp":"2020-12-04T17:40:59.981Z"}
{"message":"autoRefresh stock_number : 2330","level":"info","service":"user-service","timestamp":"2020-12-04T17:41:11.990Z"}
{"message":"autoRefresh stock_number : 2330","level":"info","service":"user-service","timestamp":"2020-12-04T17:41:23.978Z"}
{"message":"autoRefresh stock_number : 2330","level":"info","service":"user-service","timestamp":"2020-12-04T17:41:35.973Z"}
{"message":"autoRefresh stock_number : 2330","level":"info","service":"user-service","timestamp":"2020-12-04T17:41:47.983Z"}
{"message":"autoRefresh stock_number : 2330","level":"info","service":"user-service","timestamp":"2020-12-04T17:41:59.959Z"}
{"message":"autoRefresh stock_number : 2330","level":"info","service":"user-service","timestamp":"2020-12-04T17:42:11.972Z"}
{"message":"autoRefresh stock_number : 2330","level":"info","service":"user-service","timestamp":"2020-12-04T17:42:23.976Z"}
{"message":"autoRefresh stock_number : 2330","level":"info","service":"user-service","timestamp":"2020-12-04T17:42:35.972Z"}
{"message":"stock_number : 2330","level":"info","service":"user-service","timestamp":"2020-12-04T17:55:09.081Z"}
{"message":"autoRefresh stock_number : 2330","level":"info","service":"user-service","timestamp":"2020-12-04T17:55:21.979Z"}
{"message":"autoRefresh stock_number : 2330","level":"info","service":"user-service","timestamp":"2020-12-04T17:55:33.974Z"}
{"message":"autoRefresh stock_number : 2330","level":"info","service":"user-service","timestamp":"2020-12-04T17:55:45.984Z"}
{"message":"autoRefresh stock_number : 2330","level":"info","service":"user-service","timestamp":"2020-12-04T17:55:57.980Z"}
{"message":"autoRefresh stock_number : 2330","level":"info","service":"user-service","timestamp":"2020-12-04T17:56:09.980Z"}
{"message":"autoRefresh stock_number : 2330","level":"info","service":"user-service","timestamp":"2020-12-04T17:56:21.971Z"}
{"message":"autoRefresh stock_number : 2330","level":"info","service":"user-service","timestamp":"2020-12-04T17:56:33.970Z"}
{"message":"autoRefresh stock_number : 2330","level":"info","service":"user-service","timestamp":"2020-12-04T17:56:45.976Z"}
{"message":"autoRefresh stock_number : 2330","level":"info","service":"user-service","timestamp":"2020-12-04T17:56:57.980Z"}
{"message":"autoRefresh stock_number : 2330","level":"info","service":"user-service","timestamp":"2020-12-04T17:57:09.983Z"}
{"message":"autoRefresh stock_number : 2330","level":"info","service":"user-service","timestamp":"2020-12-04T17:57:21.967Z"}
{"message":"autoRefresh stock_number : 2330","level":"info","service":"user-service","timestamp":"2020-12-04T17:57:33.981Z"}
{"message":"autoRefresh stock_number : 2330","level":"info","service":"user-service","timestamp":"2020-12-04T17:57:45.987Z"}
{"message":"autoRefresh stock_number : 2330","level":"info","service":"user-service","timestamp":"2020-12-04T17:57:57.980Z"}
{"message":"autoRefresh stock_number : 2330","level":"info","service":"user-service","timestamp":"2020-12-04T17:58:09.980Z"}
{"message":"autoRefresh stock_number : 2330","level":"info","service":"user-service","timestamp":"2020-12-04T17:58:21.980Z"}
{"message":"autoRefresh stock_number : 2330","level":"info","service":"user-service","timestamp":"2020-12-04T17:58:33.970Z"}
{"message":"autoRefresh stock_number : 2330","level":"info","service":"user-service","timestamp":"2020-12-04T17:58:45.961Z"}
{"message":"autoRefresh stock_number : 2330","level":"info","service":"user-service","timestamp":"2020-12-04T18:07:57.980Z"}
{"message":"autoRefresh stock_number : 2330","level":"info","service":"user-service","timestamp":"2020-12-04T18:08:09.972Z"}
{"message":"autoRefresh stock_number : 2330","level":"info","service":"user-service","timestamp":"2020-12-04T18:08:21.985Z"}
{"message":"autoRefresh stock_number : 2330","level":"info","service":"user-service","timestamp":"2020-12-04T18:08:33.997Z"}
{"message":"autoRefresh stock_number : 2330","level":"info","service":"user-service","timestamp":"2020-12-04T18:08:45.967Z"}
{"message":"autoRefresh stock_number : 2330","level":"info","service":"user-service","timestamp":"2020-12-04T18:08:57.986Z"}
{"message":"autoRefresh stock_number : 2330","level":"info","service":"user-service","timestamp":"2020-12-04T18:09:09.982Z"}
{"message":"autoRefresh stock_number : 2330","level":"info","service":"user-service","timestamp":"2020-12-04T18:09:21.970Z"}
{"message":"autoRefresh stock_number : 2330","level":"info","service":"user-service","timestamp":"2020-12-04T18:09:33.969Z"}
{"message":"autoRefresh stock_number : 2330","level":"info","service":"user-service","timestamp":"2020-12-04T18:09:45.968Z"}
{"message":"autoRefresh stock_number : 2330","level":"info","service":"user-service","timestamp":"2020-12-04T18:09:57.987Z"}
{"message":"autoRefresh stock_number : 2330","level":"info","service":"user-service","timestamp":"2020-12-04T18:10:09.983Z"}
{"message":"autoRefresh stock_number : 2330","level":"info","service":"user-service","timestamp":"2020-12-04T18:10:21.980Z"}
{"message":"autoRefresh stock_number : 2330","level":"info","service":"user-service","timestamp":"2020-12-04T18:10:33.972Z"}
{"message":"autoRefresh stock_number : 2330","level":"info","service":"user-service","timestamp":"2020-12-04T18:10:45.992Z"}
{"message":"autoRefresh stock_number : 2330","level":"info","service":"user-service","timestamp":"2020-12-04T18:10:58.037Z"}
{"message":"autoRefresh stock_number : 2330","level":"info","service":"user-service","timestamp":"2020-12-04T18:11:09.983Z"}
{"message":"autoRefresh stock_number : 2330","level":"info","service":"user-service","timestamp":"2020-12-04T18:11:21.974Z"}
{"message":"autoRefresh stock_number : 2330","level":"info","service":"user-service","timestamp":"2020-12-04T18:11:33.980Z"}
{"message":"autoRefresh stock_number : 2330","level":"info","service":"user-service","timestamp":"2020-12-04T18:11:45.982Z"}
{"message":"autoRefresh stock_number : 2330","level":"info","service":"user-service","timestamp":"2020-12-04T18:11:57.987Z"}
{"message":"autoRefresh stock_number : 2330","level":"info","service":"user-service","timestamp":"2020-12-04T18:12:09.983Z"}
{"message":"autoRefresh stock_number : 2330","level":"info","service":"user-service","timestamp":"2020-12-04T18:12:21.972Z"}
{"message":"autoRefresh stock_number : 2330","level":"info","service":"user-service","timestamp":"2020-12-04T18:12:33.984Z"}
{"message":"autoRefresh stock_number : 2330","level":"info","service":"user-service","timestamp":"2020-12-04T18:12:45.980Z"}
{"message":"autoRefresh stock_number : 2330","level":"info","service":"user-service","timestamp":"2020-12-04T18:12:58.000Z"}
{"message":"autoRefresh stock_number : 2330","level":"info","service":"user-service","timestamp":"2020-12-04T18:13:09.993Z"}
{"message":"autoRefresh stock_number : 2330","level":"info","service":"user-service","timestamp":"2020-12-04T18:13:21.985Z"}
{"message":"autoRefresh stock_number : 2330","level":"info","service":"user-service","timestamp":"2020-12-04T18:13:33.981Z"}
{"message":"autoRefresh stock_number : 2330","level":"info","service":"user-service","timestamp":"2020-12-04T18:13:45.980Z"}
{"message":"autoRefresh stock_number : 2330","level":"info","service":"user-service","timestamp":"2020-12-04T18:13:58.010Z"}
{"message":"autoRefresh stock_number : 2330","level":"info","service":"user-service","timestamp":"2020-12-04T18:14:09.990Z"}
{"message":"autoRefresh stock_number : 2330","level":"info","service":"user-service","timestamp":"2020-12-04T18:14:21.994Z"}
{"message":"autoRefresh stock_number : 2330","level":"info","service":"user-service","timestamp":"2020-12-04T18:14:33.991Z"}
{"message":"autoRefresh stock_number : 2330","level":"info","service":"user-service","timestamp":"2020-12-04T18:14:45.980Z"}
{"message":"autoRefresh stock_number : 2330","level":"info","service":"user-service","timestamp":"2020-12-04T18:14:57.999Z"}
{"message":"autoRefresh stock_number : 2330","level":"info","service":"user-service","timestamp":"2020-12-04T18:15:09.992Z"}
{"message":"autoRefresh stock_number : 2330","level":"info","service":"user-service","timestamp":"2020-12-04T18:15:21.993Z"}
{"message":"autoRefresh stock_number : 2330","level":"info","service":"user-service","timestamp":"2020-12-04T18:15:33.988Z"}
{"message":"autoRefresh stock_number : 2330","level":"info","service":"user-service","timestamp":"2020-12-04T18:15:45.980Z"}
{"message":"autoRefresh stock_number : 2330","level":"info","service":"user-service","timestamp":"2020-12-04T18:15:57.993Z"}
{"message":"autoRefresh stock_number : 2330","level":"info","service":"user-service","timestamp":"2020-12-04T18:16:09.320Z"}
{"message":"stock_number : 2330","level":"info","service":"user-service","timestamp":"2020-12-04T18:23:48.748Z"}
{"message":"autoRefresh stock_number : 2330","level":"info","service":"user-service","timestamp":"2020-12-04T18:24:01.012Z"}
{"message":"autoRefresh stock_number : 2330","level":"info","service":"user-service","timestamp":"2020-12-04T18:24:12.999Z"}
{"message":"autoRefresh stock_number : 2330","level":"info","service":"user-service","timestamp":"2020-12-04T18:24:25.003Z"}
{"message":"autoRefresh stock_number : 2330","level":"info","service":"user-service","timestamp":"2020-12-04T18:24:37.006Z"}
{"message":"autoRefresh stock_number : 2330","level":"info","service":"user-service","timestamp":"2020-12-04T18:24:48.999Z"}
{"message":"autoRefresh stock_number : 2330","level":"info","service":"user-service","timestamp":"2020-12-04T18:25:00.998Z"}
{"message":"autoRefresh stock_number : 2330","level":"info","service":"user-service","timestamp":"2020-12-04T18:25:12.991Z"}
{"message":"autoRefresh stock_number : 2330","level":"info","service":"user-service","timestamp":"2020-12-04T18:25:25.004Z"}
{"message":"autoRefresh stock_number : 2330","level":"info","service":"user-service","timestamp":"2020-12-04T18:25:36.998Z"}
{"message":"stock_number : 2330","level":"info","service":"user-service","timestamp":"2020-12-04T18:25:45.629Z"}
{"message":"autoRefresh stock_number : 2330","level":"info","service":"user-service","timestamp":"2020-12-04T18:25:48.996Z"}
{"message":"autoRefresh stock_number : 2330","level":"info","service":"user-service","timestamp":"2020-12-04T18:25:57.993Z"}
{"message":"autoRefresh stock_number : 2330","level":"info","service":"user-service","timestamp":"2020-12-04T18:26:01.007Z"}
{"message":"autoRefresh stock_number : 2330","level":"info","service":"user-service","timestamp":"2020-12-04T18:26:09.993Z"}
{"message":"autoRefresh stock_number : 2330","level":"info","service":"user-service","timestamp":"2020-12-04T18:26:12.991Z"}
{"message":"autoRefresh stock_number : 2330","level":"info","service":"user-service","timestamp":"2020-12-04T18:26:21.997Z"}
{"message":"autoRefresh stock_number : 2330","level":"info","service":"user-service","timestamp":"2020-12-04T18:26:25.003Z"}
{"message":"autoRefresh stock_number : 2330","level":"info","service":"user-service","timestamp":"2020-12-04T18:26:33.994Z"}
{"message":"autoRefresh stock_number : 2330","level":"info","service":"user-service","timestamp":"2020-12-04T18:26:37.006Z"}
{"message":"autoRefresh stock_number : 2330","level":"info","service":"user-service","timestamp":"2020-12-04T18:26:45.990Z"}
{"message":"autoRefresh stock_number : 2330","level":"info","service":"user-service","timestamp":"2020-12-04T18:26:49.002Z"}
{"message":"autoRefresh stock_number : 2330","level":"info","service":"user-service","timestamp":"2020-12-04T18:26:58.014Z"}
{"message":"autoRefresh stock_number : 2330","level":"info","service":"user-service","timestamp":"2020-12-04T18:27:01.006Z"}
{"message":"autoRefresh stock_number : 2330","level":"info","service":"user-service","timestamp":"2020-12-04T18:27:10.011Z"}
{"message":"autoRefresh stock_number : 2330","level":"info","service":"user-service","timestamp":"2020-12-04T18:27:13.003Z"}
{"message":"autoRefresh stock_number : 2330","level":"info","service":"user-service","timestamp":"2020-12-04T18:27:21.995Z"}
{"message":"autoRefresh stock_number : 2330","level":"info","service":"user-service","timestamp":"2020-12-04T18:27:24.999Z"}
{"message":"autoRefresh stock_number : 2330","level":"info","service":"user-service","timestamp":"2020-12-04T18:27:34.055Z"}
{"message":"autoRefresh stock_number : 2330","level":"info","service":"user-service","timestamp":"2020-12-04T18:27:37.003Z"}
{"message":"autoRefresh stock_number : 2330","level":"info","service":"user-service","timestamp":"2020-12-04T18:27:45.988Z"}
{"message":"autoRefresh stock_number : 2330","level":"info","service":"user-service","timestamp":"2020-12-04T18:27:48.992Z"}
{"message":"autoRefresh stock_number : 2330","level":"info","service":"user-service","timestamp":"2020-12-04T18:27:57.992Z"}
{"message":"autoRefresh stock_number : 2330","level":"info","service":"user-service","timestamp":"2020-12-04T18:28:01.000Z"}
{"message":"autoRefresh stock_number : 2330","level":"info","service":"user-service","timestamp":"2020-12-04T18:28:10.000Z"}
{"message":"autoRefresh stock_number : 2330","level":"info","service":"user-service","timestamp":"2020-12-04T18:28:13.004Z"}
{"message":"autoRefresh stock_number : 2330","level":"info","service":"user-service","timestamp":"2020-12-04T18:28:21.993Z"}
{"message":"autoRefresh stock_number : 2330","level":"info","service":"user-service","timestamp":"2020-12-04T18:28:25.005Z"}
{"message":"autoRefresh stock_number : 2330","level":"info","service":"user-service","timestamp":"2020-12-04T18:28:34.009Z"}
{"message":"autoRefresh stock_number : 2330","level":"info","service":"user-service","timestamp":"2020-12-04T18:28:37.013Z"}
{"message":"autoRefresh stock_number : 2330","level":"info","service":"user-service","timestamp":"2020-12-04T18:28:46.053Z"}
{"message":"autoRefresh stock_number : 2330","level":"info","service":"user-service","timestamp":"2020-12-04T18:28:49.005Z"}
{"message":"autoRefresh stock_number : 2330","level":"info","service":"user-service","timestamp":"2020-12-04T18:28:58.009Z"}
{"message":"autoRefresh stock_number : 2330","level":"info","service":"user-service","timestamp":"2020-12-04T18:29:00.989Z"}
{"message":"autoRefresh stock_number : 2330","level":"info","service":"user-service","timestamp":"2020-12-04T18:29:09.998Z"}
{"message":"autoRefresh stock_number : 2330","level":"info","service":"user-service","timestamp":"2020-12-04T18:29:13.014Z"}
{"message":"autoRefresh stock_number : 2330","level":"info","service":"user-service","timestamp":"2020-12-04T18:29:22.050Z"}
{"message":"autoRefresh stock_number : 2330","level":"info","service":"user-service","timestamp":"2020-12-04T18:29:25.014Z"}
{"message":"autoRefresh stock_number : 2330","level":"info","service":"user-service","timestamp":"2020-12-04T18:29:34.003Z"}
{"message":"autoRefresh stock_number : 2330","level":"info","service":"user-service","timestamp":"2020-12-04T18:29:37.003Z"}
